2026-03-31 14:25:46,186  INFO      Water-contact analysis — Leonard et al. 2024 method
2026-03-31 14:25:46,186  INFO      Output directory: /scratch/alpine/ivta1597/LCA_boltz_models/binders/seq16_binder/HMR/dodecahedron/prod_md_0p9_cutoff_3dt_64x1_16PME_642dd/water_analysis_results
2026-03-31 14:25:46,186  INFO      Topology  : /scratch/alpine/ivta1597/LCA_boltz_models/binders/seq16_binder/HMR/dodecahedron/prod_md_0p9_cutoff_3dt_64x1_16PME_642dd/medoid_system.pdb
2026-03-31 14:25:46,186  INFO      Trajectory: /scratch/alpine/ivta1597/LCA_boltz_models/binders/seq16_binder/HMR/dodecahedron/prod_md_0p9_cutoff_3dt_64x1_16PME_642dd/prod_md_40_500ns.xtc
2026-03-31 14:25:46,187  INFO      Loading trajectory (stride=1)…
2026-03-31 14:26:52,524  INFO      Loaded 12267 frames in 66.3 s  (timestep = 37.500 ps)
2026-03-31 14:26:52,550  INFO      Ligand (LIG) atoms   : 69 total, 27 heavy, 3 acceptors (O/N)
2026-03-31 14:26:52,551  INFO      Water oxygen atoms  : 9019
2026-03-31 14:26:52,551  INFO      Protein heavy atoms : 1439
2026-03-31 14:26:52,551  INFO      Computing LCA–water contact mask (9019 waters × 27 LCA heavy atoms)…
2026-03-31 14:31:53,843  INFO        Water–LCA contacts present in 12261 / 12267 frames (100.0%)
2026-03-31 14:31:53,848  INFO      Step 2 — Computing R scores (this is the slow step)…
2026-03-31 14:31:53,848  INFO      Pocket residue whitelist: [49, 52, 55, 58, 59, 61, 62, 79, 81, 83, 87, 88, 89, 92, 94, 106, 108, 109, 110, 115, 116, 117, 120, 122, 124, 141, 159, 160, 163, 164, 167]
2026-03-31 14:31:53,848  INFO      Computing R scores for 1439 protein residues…
2026-03-31 14:31:53,849  INFO        Pocket filter applied — analysing 31 / 181 residue groups
2026-03-31 14:31:53,849  INFO        Processing residue 0 / 31…
2026-03-31 15:18:01,545  INFO      Residues with dominant water-mediated contacts (R < -0.70): 0
2026-03-31 15:18:01,557  INFO      R-score calculation complete in 2767.7 s
2026-03-31 15:18:01,557  INFO      Step 3 — Classifying H-bond strength and stability…
2026-03-31 15:18:01,557  INFO      Classifying H-bond strength/stability for 0 dominant residues…
2026-03-31 15:18:01,557  INFO      Step 4 — Computing water-bridge role occupancy…
2026-03-31 15:18:01,557  INFO      Saving results…
2026-03-31 15:18:01,743  INFO      R-score table saved → /scratch/alpine/ivta1597/LCA_boltz_models/binders/seq16_binder/HMR/dodecahedron/prod_md_0p9_cutoff_3dt_64x1_16PME_642dd/water_analysis_results/r_scores_all_residues.csv
2026-03-31 15:18:01,744  INFO      Dominant residues table saved → /scratch/alpine/ivta1597/LCA_boltz_models/binders/seq16_binder/HMR/dodecahedron/prod_md_0p9_cutoff_3dt_64x1_16PME_642dd/water_analysis_results/r_scores_dominant.csv  (0 residues)
2026-03-31 15:18:01,744  WARNING   No H-bond data to save (no dominant water-mediated bonds found).
2026-03-31 15:18:02,934  INFO      Plot saved → r_score_distribution.png
2026-03-31 15:18:02,934  INFO      
2026-03-31 15:18:02,934  INFO      ======================================================================
2026-03-31 15:18:02,934  INFO      SUMMARY — Mechanistically conserved water-mediated H-bonds
2026-03-31 15:18:02,934  INFO        (dominant R < -0.70  AND  strong mean < 2.5 Å  AND  stable std < 0.45 Å)
2026-03-31 15:18:02,934  INFO      ======================================================================
2026-03-31 15:18:02,934  INFO        No mechanistically conserved water-mediated bonds found.
2026-03-31 15:18:02,934  INFO        Consider relaxing --r-cutoff or checking residue naming.
2026-03-31 15:18:02,934  INFO      Analysis complete.  All output in: /scratch/alpine/ivta1597/LCA_boltz_models/binders/seq16_binder/HMR/dodecahedron/prod_md_0p9_cutoff_3dt_64x1_16PME_642dd/water_analysis_results
